<?xml version="1.0" encoding="UTF-8"?>
<!-- Generated by org.testng.reporters.JUnitXMLReporter -->
<testsuite ignored="0" hostname="Jigars-MBP" failures="0" tests="12" name="Tesr MAven Testing" time="0.031" errors="0" timestamp="10 Mar 2019 09:30:20 GMT">
  <testcase classname="com.qa.tests.DemoTest" name="div" time="0.006"/>
  <testcase classname="com.qa.tests.DemoTest" name="mul" time="0.001"/>
  <testcase classname="com.qa.tests.DemoTest" name="sub" time="0.0"/>
  <testcase classname="com.qa.tests.DemoTest" name="sum" time="0.0"/>
  <testcase classname="com.qa.tests.DemoTest1" name="div" time="0.0"/>
  <testcase classname="com.qa.tests.DemoTest1" name="mul" time="0.0"/>
  <testcase classname="com.qa.tests.DemoTest1" name="sub" time="0.001"/>
  <testcase classname="com.qa.tests.DemoTest1" name="sum" time="0.0"/>
  <testcase classname="com.qa.tests.DemoTest2" name="div" time="0.0"/>
  <testcase classname="com.qa.tests.DemoTest2" name="mul" time="0.0"/>
  <testcase classname="com.qa.tests.DemoTest2" name="sub" time="0.0"/>
  <testcase classname="com.qa.tests.DemoTest2" name="sum" time="0.0"/>
</testsuite> <!-- Tesr MAven Testing -->
