<?xml version="1.0" encoding="UTF-8"?>
<testng-results ignored="0" total="12" passed="12" failed="0" skipped="0">
  <reporter-output>
  </reporter-output>
  <suite started-at="2019-03-10T09:30:20Z" name="Test Maven Suite" finished-at="2019-03-10T09:30:20Z" duration-ms="31">
    <groups>
    </groups>
    <test started-at="2019-03-10T09:30:20Z" name="Tesr MAven Testing" finished-at="2019-03-10T09:30:20Z" duration-ms="31">
      <class name="com.qa.tests.DemoTest">
        <test-method signature="div()[pri:0, instance:com.qa.tests.DemoTest@3ce1e309]" started-at="2019-03-10T09:30:20Z" name="div" finished-at="2019-03-10T09:30:20Z" duration-ms="6" status="PASS">
          <reporter-output>
          </reporter-output>
        </test-method> <!-- div -->
        <test-method signature="mul()[pri:0, instance:com.qa.tests.DemoTest@3ce1e309]" started-at="2019-03-10T09:30:20Z" name="mul" finished-at="2019-03-10T09:30:20Z" duration-ms="1" status="PASS">
          <reporter-output>
          </reporter-output>
        </test-method> <!-- mul -->
        <test-method signature="sub()[pri:0, instance:com.qa.tests.DemoTest@3ce1e309]" started-at="2019-03-10T09:30:20Z" name="sub" finished-at="2019-03-10T09:30:20Z" duration-ms="0" status="PASS">
          <reporter-output>
          </reporter-output>
        </test-method> <!-- sub -->
        <test-method signature="sum()[pri:0, instance:com.qa.tests.DemoTest@3ce1e309]" started-at="2019-03-10T09:30:20Z" name="sum" finished-at="2019-03-10T09:30:20Z" duration-ms="0" status="PASS">
          <reporter-output>
          </reporter-output>
        </test-method> <!-- sum -->
      </class> <!-- com.qa.tests.DemoTest -->
      <class name="com.qa.tests.DemoTest1">
        <test-method signature="div()[pri:0, instance:com.qa.tests.DemoTest1@6aba2b86]" started-at="2019-03-10T09:30:20Z" name="div" finished-at="2019-03-10T09:30:20Z" duration-ms="0" status="PASS">
          <reporter-output>
          </reporter-output>
        </test-method> <!-- div -->
        <test-method signature="mul()[pri:0, instance:com.qa.tests.DemoTest1@6aba2b86]" started-at="2019-03-10T09:30:20Z" name="mul" finished-at="2019-03-10T09:30:20Z" duration-ms="0" status="PASS">
          <reporter-output>
          </reporter-output>
        </test-method> <!-- mul -->
        <test-method signature="sub()[pri:0, instance:com.qa.tests.DemoTest1@6aba2b86]" started-at="2019-03-10T09:30:20Z" name="sub" finished-at="2019-03-10T09:30:20Z" duration-ms="1" status="PASS">
          <reporter-output>
          </reporter-output>
        </test-method> <!-- sub -->
        <test-method signature="sum()[pri:0, instance:com.qa.tests.DemoTest1@6aba2b86]" started-at="2019-03-10T09:30:20Z" name="sum" finished-at="2019-03-10T09:30:20Z" duration-ms="0" status="PASS">
          <reporter-output>
          </reporter-output>
        </test-method> <!-- sum -->
      </class> <!-- com.qa.tests.DemoTest1 -->
      <class name="com.qa.tests.DemoTest2">
        <test-method signature="div()[pri:0, instance:com.qa.tests.DemoTest2@158da8e]" started-at="2019-03-10T09:30:20Z" name="div" finished-at="2019-03-10T09:30:20Z" duration-ms="0" status="PASS">
          <reporter-output>
          </reporter-output>
        </test-method> <!-- div -->
        <test-method signature="mul()[pri:0, instance:com.qa.tests.DemoTest2@158da8e]" started-at="2019-03-10T09:30:20Z" name="mul" finished-at="2019-03-10T09:30:20Z" duration-ms="0" status="PASS">
          <reporter-output>
          </reporter-output>
        </test-method> <!-- mul -->
        <test-method signature="sub()[pri:0, instance:com.qa.tests.DemoTest2@158da8e]" started-at="2019-03-10T09:30:20Z" name="sub" finished-at="2019-03-10T09:30:20Z" duration-ms="0" status="PASS">
          <reporter-output>
          </reporter-output>
        </test-method> <!-- sub -->
        <test-method signature="sum()[pri:0, instance:com.qa.tests.DemoTest2@158da8e]" started-at="2019-03-10T09:30:20Z" name="sum" finished-at="2019-03-10T09:30:20Z" duration-ms="0" status="PASS">
          <reporter-output>
          </reporter-output>
        </test-method> <!-- sum -->
      </class> <!-- com.qa.tests.DemoTest2 -->
    </test> <!-- Tesr MAven Testing -->
  </suite> <!-- Test Maven Suite -->
</testng-results>
